d:\personal\schoolwork\y2s1\dm2213-2dgc\nyp_framework_week01\debug\library.pdb
d:\personal\schoolwork\y2s1\dm2213-2dgc\nyp_framework_week01\debug\library.idb
d:\personal\schoolwork\y2s1\dm2213-2dgc\nyp_framework_week01\library\debug\imageloader.obj
d:\personal\schoolwork\y2s1\dm2213-2dgc\nyp_framework_week01\library\debug\shadermanager.obj
d:\personal\schoolwork\y2s1\dm2213-2dgc\nyp_framework_week01\library\debug\spriteanimation.obj
d:\personal\schoolwork\y2s1\dm2213-2dgc\nyp_framework_week01\library\debug\meshbuilder.obj
d:\personal\schoolwork\y2s1\dm2213-2dgc\nyp_framework_week01\library\debug\mesh.obj
d:\personal\schoolwork\y2s1\dm2213-2dgc\nyp_framework_week01\library\debug\levelofdetails.obj
d:\personal\schoolwork\y2s1\dm2213-2dgc\nyp_framework_week01\library\debug\entity3d.obj
d:\personal\schoolwork\y2s1\dm2213-2dgc\nyp_framework_week01\library\debug\entity2d.obj
d:\personal\schoolwork\y2s1\dm2213-2dgc\nyp_framework_week01\library\debug\collisionmanager.obj
d:\personal\schoolwork\y2s1\dm2213-2dgc\nyp_framework_week01\library\debug\collider.obj
d:\personal\schoolwork\y2s1\dm2213-2dgc\nyp_framework_week01\library\debug\mousecontroller.obj
d:\personal\schoolwork\y2s1\dm2213-2dgc\nyp_framework_week01\library\debug\keyboardcontroller.obj
d:\personal\schoolwork\y2s1\dm2213-2dgc\nyp_framework_week01\library\debug\imgui_widgets.obj
d:\personal\schoolwork\y2s1\dm2213-2dgc\nyp_framework_week01\library\debug\imgui_tables.obj
d:\personal\schoolwork\y2s1\dm2213-2dgc\nyp_framework_week01\library\debug\imgui_draw.obj
d:\personal\schoolwork\y2s1\dm2213-2dgc\nyp_framework_week01\library\debug\imgui_demo.obj
d:\personal\schoolwork\y2s1\dm2213-2dgc\nyp_framework_week01\library\debug\imgui.obj
d:\personal\schoolwork\y2s1\dm2213-2dgc\nyp_framework_week01\library\debug\imgui_impl_opengl3.obj
d:\personal\schoolwork\y2s1\dm2213-2dgc\nyp_framework_week01\library\debug\imgui_impl_glfw.obj
d:\personal\schoolwork\y2s1\dm2213-2dgc\nyp_framework_week01\library\debug\settings.obj
d:\personal\schoolwork\y2s1\dm2213-2dgc\nyp_framework_week01\library\debug\stopwatch.obj
d:\personal\schoolwork\y2s1\dm2213-2dgc\nyp_framework_week01\library\debug\fpscounter.obj
d:\personal\schoolwork\y2s1\dm2213-2dgc\nyp_framework_week01\library\debug\loadobj.obj
e:\personal\schoolwork\y2s1\dm2292-sp3\nyp_team5_sp3\nyp_framework_week01\library\debug\library.pdb
e:\personal\schoolwork\y2s1\dm2292-sp3\nyp_team5_sp3\nyp_framework_week01\library\debug\library.idb
e:\personal\schoolwork\y2s1\dm2292-sp3\nyp_team5_sp3\nyp_framework_week01\library\debug\imageloader.obj
e:\personal\schoolwork\y2s1\dm2292-sp3\nyp_team5_sp3\nyp_framework_week01\library\debug\shadermanager.obj
e:\personal\schoolwork\y2s1\dm2292-sp3\nyp_team5_sp3\nyp_framework_week01\library\debug\spriteanimation.obj
e:\personal\schoolwork\y2s1\dm2292-sp3\nyp_team5_sp3\nyp_framework_week01\library\debug\meshbuilder.obj
e:\personal\schoolwork\y2s1\dm2292-sp3\nyp_team5_sp3\nyp_framework_week01\library\debug\mesh.obj
e:\personal\schoolwork\y2s1\dm2292-sp3\nyp_team5_sp3\nyp_framework_week01\library\debug\levelofdetails.obj
e:\personal\schoolwork\y2s1\dm2292-sp3\nyp_team5_sp3\nyp_framework_week01\library\debug\entity3d.obj
e:\personal\schoolwork\y2s1\dm2292-sp3\nyp_team5_sp3\nyp_framework_week01\library\debug\entity2d.obj
e:\personal\schoolwork\y2s1\dm2292-sp3\nyp_team5_sp3\nyp_framework_week01\library\debug\collisionmanager.obj
e:\personal\schoolwork\y2s1\dm2292-sp3\nyp_team5_sp3\nyp_framework_week01\library\debug\collider.obj
e:\personal\schoolwork\y2s1\dm2292-sp3\nyp_team5_sp3\nyp_framework_week01\library\debug\mousecontroller.obj
e:\personal\schoolwork\y2s1\dm2292-sp3\nyp_team5_sp3\nyp_framework_week01\library\debug\keyboardcontroller.obj
e:\personal\schoolwork\y2s1\dm2292-sp3\nyp_team5_sp3\nyp_framework_week01\library\debug\imgui_widgets.obj
e:\personal\schoolwork\y2s1\dm2292-sp3\nyp_team5_sp3\nyp_framework_week01\library\debug\imgui_tables.obj
e:\personal\schoolwork\y2s1\dm2292-sp3\nyp_team5_sp3\nyp_framework_week01\library\debug\imgui_draw.obj
e:\personal\schoolwork\y2s1\dm2292-sp3\nyp_team5_sp3\nyp_framework_week01\library\debug\imgui_demo.obj
e:\personal\schoolwork\y2s1\dm2292-sp3\nyp_team5_sp3\nyp_framework_week01\library\debug\imgui.obj
e:\personal\schoolwork\y2s1\dm2292-sp3\nyp_team5_sp3\nyp_framework_week01\library\debug\imgui_impl_opengl3.obj
e:\personal\schoolwork\y2s1\dm2292-sp3\nyp_team5_sp3\nyp_framework_week01\library\debug\imgui_impl_glfw.obj
e:\personal\schoolwork\y2s1\dm2292-sp3\nyp_team5_sp3\nyp_framework_week01\library\debug\settings.obj
e:\personal\schoolwork\y2s1\dm2292-sp3\nyp_team5_sp3\nyp_framework_week01\library\debug\stopwatch.obj
e:\personal\schoolwork\y2s1\dm2292-sp3\nyp_team5_sp3\nyp_framework_week01\library\debug\fpscounter.obj
e:\personal\schoolwork\y2s1\dm2292-sp3\nyp_team5_sp3\nyp_framework_week01\library\debug\loadobj.obj
d:\personal\schoolwork\y2s1\dm2213-2dgc\nyp_framework_week01\debug\library.lib
e:\personal\schoolwork\y2s1\dm2292-sp3\nyp_team5_sp3\nyp_framework_week01\debug\library.lib
e:\personal\schoolwork\y2s1\dm2292-sp3\nyp_team5_sp3\nyp_framework_week01\debug\library.pdb
e:\personal\schoolwork\y2s1\dm2292-sp3\nyp_team5_sp3\nyp_framework_week01\library\debug\library.tlog\cl.read.1.tlog
e:\personal\schoolwork\y2s1\dm2292-sp3\nyp_team5_sp3\nyp_framework_week01\library\debug\library.tlog\cl.write.1.tlog
e:\personal\schoolwork\y2s1\dm2292-sp3\nyp_team5_sp3\nyp_framework_week01\library\debug\library.tlog\cl.command.1.tlog
e:\personal\schoolwork\y2s1\dm2292-sp3\nyp_team5_sp3\nyp_framework_week01\library\debug\library.tlog\lib-link.read.1.tlog
e:\personal\schoolwork\y2s1\dm2292-sp3\nyp_team5_sp3\nyp_framework_week01\library\debug\library.tlog\lib-link.write.1.tlog
e:\personal\schoolwork\y2s1\dm2292-sp3\nyp_team5_sp3\nyp_framework_week01\library\debug\library.tlog\lib.command.1.tlog
