  Settings.cpp
<<<<<<< HEAD
<<<<<<< HEAD
  imgui_impl_glfw.cpp
  imgui_impl_opengl3.cpp
  imgui.cpp
  imgui_demo.cpp
  imgui_draw.cpp
  imgui_tables.cpp
  imgui_widgets.cpp
  KeyboardController.cpp
  MouseController.cpp
  Collider.cpp
  CollisionManager.cpp
  Entity2D.cpp
  Entity3D.cpp
  LevelOfDetails.cpp
  Mesh.cpp
  MeshBuilder.cpp
  SpriteAnimation.cpp
D:\Documents\NYP stuff\SP3\SP3_2Dgame\Library\Source\Primitives\SpriteAnimation.cpp(75,62): warning C4244: 'argument': conversion from 'double' to 'const unsigned int', possible loss of data
  ShaderManager.cpp
  ImageLoader.cpp
  Generating Code...
  Compiling...
  LoadOBJ.cpp
  FPSCounter.cpp
  StopWatch.cpp
  Generating Code...
  Library.vcxproj -> D:\Documents\NYP stuff\SP3\SP3_2Dgame\Debug\Library.lib
=======
  Library.vcxproj -> C:\Users\winst\Desktop\SCHOOL\Year 2 Semester 1\SP3\SP3_2Dgame\Debug\Library.lib
>>>>>>> ef0106e4b83781ca96a585a7f43950e980df3f4d
=======
  Library.vcxproj -> C:\Users\winst\Desktop\SCHOOL\Year 2 Semester 1\SP3\SP3_2Dgame\Debug\Library.lib
>>>>>>> 02e67eb92c5ecf6aafd76c7aa1660736bc753c46
