d:\personal\schoolwork\y2s1\dm2213-2dgc\nyp_framework_week01\app\debug\vc143.pdb
d:\personal\schoolwork\y2s1\dm2213-2dgc\nyp_framework_week01\app\debug\vc143.idb
d:\personal\schoolwork\y2s1\dm2213-2dgc\nyp_framework_week01\app\debug\scene2d.obj
d:\personal\schoolwork\y2s1\dm2213-2dgc\nyp_framework_week01\app\debug\player2d.obj
d:\personal\schoolwork\y2s1\dm2213-2dgc\nyp_framework_week01\app\debug\physics2d.obj
d:\personal\schoolwork\y2s1\dm2213-2dgc\nyp_framework_week01\app\debug\map2d.obj
d:\personal\schoolwork\y2s1\dm2213-2dgc\nyp_framework_week01\app\debug\inventorymanager.obj
d:\personal\schoolwork\y2s1\dm2213-2dgc\nyp_framework_week01\app\debug\inventoryitem.obj
d:\personal\schoolwork\y2s1\dm2213-2dgc\nyp_framework_week01\app\debug\gui_scene2d.obj
d:\personal\schoolwork\y2s1\dm2213-2dgc\nyp_framework_week01\app\debug\gamemanager.obj
d:\personal\schoolwork\y2s1\dm2213-2dgc\nyp_framework_week01\app\debug\enemy2d.obj
d:\personal\schoolwork\y2s1\dm2213-2dgc\nyp_framework_week01\app\debug\camera.obj
d:\personal\schoolwork\y2s1\dm2213-2dgc\nyp_framework_week01\app\debug\backgroundentity.obj
d:\personal\schoolwork\y2s1\dm2213-2dgc\nyp_framework_week01\app\debug\main.obj
d:\personal\schoolwork\y2s1\dm2213-2dgc\nyp_framework_week01\app\debug\victorystate.obj
d:\personal\schoolwork\y2s1\dm2213-2dgc\nyp_framework_week01\app\debug\playgamestate.obj
d:\personal\schoolwork\y2s1\dm2213-2dgc\nyp_framework_week01\app\debug\pausestate.obj
d:\personal\schoolwork\y2s1\dm2213-2dgc\nyp_framework_week01\app\debug\menustate.obj
d:\personal\schoolwork\y2s1\dm2213-2dgc\nyp_framework_week01\app\debug\introstate.obj
d:\personal\schoolwork\y2s1\dm2213-2dgc\nyp_framework_week01\app\debug\gamestatemanager.obj
d:\personal\schoolwork\y2s1\dm2213-2dgc\nyp_framework_week01\app\debug\gameoverstate.obj
d:\personal\schoolwork\y2s1\dm2213-2dgc\nyp_framework_week01\app\debug\application.obj
d:\personal\schoolwork\y2s1\dm2213-2dgc\nyp_framework_week01\app\debug\soundinfo.obj
d:\personal\schoolwork\y2s1\dm2213-2dgc\nyp_framework_week01\app\debug\soundcontroller.obj
d:\personal\schoolwork\y2s1\dm2213-2dgc\nyp_framework_week01\app\debug\sword2d.obj
e:\personal\schoolwork\y2s1\dm2292-sp3\nyp_team5_sp3\nyp_framework_week01\app\debug\vc142.pdb
e:\personal\schoolwork\y2s1\dm2292-sp3\nyp_team5_sp3\nyp_framework_week01\app\debug\vc142.idb
e:\personal\schoolwork\y2s1\dm2292-sp3\nyp_team5_sp3\nyp_framework_week01\app\debug\scene2d.obj
e:\personal\schoolwork\y2s1\dm2292-sp3\nyp_team5_sp3\nyp_framework_week01\app\debug\player2d.obj
e:\personal\schoolwork\y2s1\dm2292-sp3\nyp_team5_sp3\nyp_framework_week01\app\debug\physics2d.obj
e:\personal\schoolwork\y2s1\dm2292-sp3\nyp_team5_sp3\nyp_framework_week01\app\debug\map2d.obj
e:\personal\schoolwork\y2s1\dm2292-sp3\nyp_team5_sp3\nyp_framework_week01\app\debug\inventorymanager.obj
e:\personal\schoolwork\y2s1\dm2292-sp3\nyp_team5_sp3\nyp_framework_week01\app\debug\inventoryitem.obj
e:\personal\schoolwork\y2s1\dm2292-sp3\nyp_team5_sp3\nyp_framework_week01\app\debug\gui_scene2d.obj
e:\personal\schoolwork\y2s1\dm2292-sp3\nyp_team5_sp3\nyp_framework_week01\app\debug\gamemanager.obj
e:\personal\schoolwork\y2s1\dm2292-sp3\nyp_team5_sp3\nyp_framework_week01\app\debug\enemy2d.obj
e:\personal\schoolwork\y2s1\dm2292-sp3\nyp_team5_sp3\nyp_framework_week01\app\debug\camera.obj
e:\personal\schoolwork\y2s1\dm2292-sp3\nyp_team5_sp3\nyp_framework_week01\app\debug\backgroundentity.obj
e:\personal\schoolwork\y2s1\dm2292-sp3\nyp_team5_sp3\nyp_framework_week01\app\debug\main.obj
e:\personal\schoolwork\y2s1\dm2292-sp3\nyp_team5_sp3\nyp_framework_week01\app\debug\victorystate.obj
e:\personal\schoolwork\y2s1\dm2292-sp3\nyp_team5_sp3\nyp_framework_week01\app\debug\playgamestate.obj
e:\personal\schoolwork\y2s1\dm2292-sp3\nyp_team5_sp3\nyp_framework_week01\app\debug\pausestate.obj
e:\personal\schoolwork\y2s1\dm2292-sp3\nyp_team5_sp3\nyp_framework_week01\app\debug\menustate.obj
e:\personal\schoolwork\y2s1\dm2292-sp3\nyp_team5_sp3\nyp_framework_week01\app\debug\introstate.obj
e:\personal\schoolwork\y2s1\dm2292-sp3\nyp_team5_sp3\nyp_framework_week01\app\debug\gamestatemanager.obj
e:\personal\schoolwork\y2s1\dm2292-sp3\nyp_team5_sp3\nyp_framework_week01\app\debug\gameoverstate.obj
e:\personal\schoolwork\y2s1\dm2292-sp3\nyp_team5_sp3\nyp_framework_week01\app\debug\application.obj
e:\personal\schoolwork\y2s1\dm2292-sp3\nyp_team5_sp3\nyp_framework_week01\app\debug\soundinfo.obj
e:\personal\schoolwork\y2s1\dm2292-sp3\nyp_team5_sp3\nyp_framework_week01\app\debug\soundcontroller.obj
e:\personal\schoolwork\y2s1\dm2292-sp3\nyp_team5_sp3\nyp_framework_week01\app\debug\sword2d.obj
d:\personal\schoolwork\y2s1\dm2213-2dgc\nyp_framework_week01\debug\app.exe
d:\personal\schoolwork\y2s1\dm2213-2dgc\nyp_framework_week01\app\debug\app.ilk
d:\personal\schoolwork\y2s1\dm2213-2dgc\nyp_framework_week01\debug\app.pdb
e:\personal\schoolwork\y2s1\dm2292-sp3\nyp_team5_sp3\nyp_framework_week01\debug\app.ilk
e:\personal\schoolwork\y2s1\dm2292-sp3\nyp_team5_sp3\nyp_framework_week01\debug\app.exe
e:\personal\schoolwork\y2s1\dm2292-sp3\nyp_team5_sp3\nyp_framework_week01\debug\app.pdb
e:\personal\schoolwork\y2s1\dm2292-sp3\nyp_team5_sp3\nyp_framework_week01\app\debug\app.ilk
e:\personal\schoolwork\y2s1\dm2292-sp3\nyp_team5_sp3\nyp_framework_week01\app\debug\vc143.idb
e:\personal\schoolwork\y2s1\dm2292-sp3\nyp_team5_sp3\nyp_framework_week01\app\debug\vc143.pdb
e:\personal\schoolwork\y2s1\dm2292-sp3\nyp_team5_sp3\nyp_framework_week01\app\debug\app.tlog\cl.read.1.tlog
e:\personal\schoolwork\y2s1\dm2292-sp3\nyp_team5_sp3\nyp_framework_week01\app\debug\app.tlog\cl.write.1.tlog
e:\personal\schoolwork\y2s1\dm2292-sp3\nyp_team5_sp3\nyp_framework_week01\app\debug\app.tlog\cl.command.1.tlog
e:\personal\schoolwork\y2s1\dm2292-sp3\nyp_team5_sp3\nyp_framework_week01\app\debug\app.tlog\link.command.1.tlog
e:\personal\schoolwork\y2s1\dm2292-sp3\nyp_team5_sp3\nyp_framework_week01\app\debug\app.tlog\link.read.1.tlog
e:\personal\schoolwork\y2s1\dm2292-sp3\nyp_team5_sp3\nyp_framework_week01\app\debug\app.tlog\link.write.1.tlog
e:\personal\schoolwork\y2s1\dm2292-sp3\nyp_team5_sp3\nyp_framework_week01\app\debug\app.tlog\link.delete.1.tlog
