  Application.cpp
C:\Users\yuzhe\OneDrive\Desktop\SP3\Github\SP3_2Dgame\App\Source\SoundController\SoundController.h(73,62): warning C4042: 'distance': has bad storage class
C:\Users\yuzhe\OneDrive\Desktop\SP3\Github\SP3_2Dgame\App\Source\Scene2D\MapGenerator.h(86,14): warning C4244: '=': conversion from 'time_t' to 'int', possible loss of data
C:\Users\yuzhe\OneDrive\Desktop\SP3\Github\SP3_2Dgame\App\Source\Scene2D\MapGenerator.h(426,21): warning C4018: '<': signed/unsigned mismatch
C:\Users\yuzhe\OneDrive\Desktop\SP3\Github\SP3_2Dgame\App\Source\Scene2D\MapGenerator.h(582,21): warning C4018: '<': signed/unsigned mismatch
C:\Users\yuzhe\OneDrive\Desktop\SP3\Github\SP3_2Dgame\App\Source\Scene2D\EventController.h(55,21): warning C4018: '<': signed/unsigned mismatch
C:\Users\yuzhe\OneDrive\Desktop\SP3\Github\SP3_2Dgame\App\Source\Scene2D\EventController.h(60,21): warning C4018: '<': signed/unsigned mismatch
  CraftingState.cpp
C:\Program Files (x86)\Windows Kits\10\Include\10.0.19041.0\shared\minwindef.h(130,1): warning C4005: 'APIENTRY': macro redefinition
C:\Users\yuzhe\OneDrive\Desktop\SP3\Github\SP3_2Dgame\glfw\include\GLFW\glfw3.h(98): message : see previous definition of 'APIENTRY'
C:\Users\yuzhe\OneDrive\Desktop\SP3\Github\SP3_2Dgame\App\Source\SoundController\SoundController.h(73,62): warning C4042: 'distance': has bad storage class
C:\Users\yuzhe\OneDrive\Desktop\SP3\Github\SP3_2Dgame\App\Source\GameStateManagement\CraftingState.cpp(174,70): warning C4244: 'argument': conversion from 'double' to 'float', possible loss of data
C:\Users\yuzhe\OneDrive\Desktop\SP3\Github\SP3_2Dgame\App\Source\GameStateManagement\CraftingState.cpp(176,95): warning C4244: 'argument': conversion from 'unsigned int' to 'float', possible loss of data
C:\Users\yuzhe\OneDrive\Desktop\SP3\Github\SP3_2Dgame\App\Source\GameStateManagement\CraftingState.cpp(176,55): warning C4244: 'argument': conversion from 'unsigned int' to 'float', possible loss of data
C:\Users\yuzhe\OneDrive\Desktop\SP3\Github\SP3_2Dgame\App\Source\GameStateManagement\CraftingState.cpp(217,45): warning C4244: 'argument': conversion from 'double' to 'float', possible loss of data
C:\Users\yuzhe\OneDrive\Desktop\SP3\Github\SP3_2Dgame\App\Source\GameStateManagement\CraftingState.cpp(216,70): warning C4244: 'argument': conversion from 'double' to 'float', possible loss of data
C:\Users\yuzhe\OneDrive\Desktop\SP3\Github\SP3_2Dgame\App\Source\GameStateManagement\CraftingState.cpp(219,95): warning C4244: 'argument': conversion from 'unsigned int' to 'float', possible loss of data
C:\Users\yuzhe\OneDrive\Desktop\SP3\Github\SP3_2Dgame\App\Source\GameStateManagement\CraftingState.cpp(219,55): warning C4244: 'argument': conversion from 'unsigned int' to 'float', possible loss of data
C:\Users\yuzhe\OneDrive\Desktop\SP3\Github\SP3_2Dgame\App\Source\GameStateManagement\CraftingState.cpp(246,156): warning C4244: 'argument': conversion from 'double' to 'float', possible loss of data
C:\Users\yuzhe\OneDrive\Desktop\SP3\Github\SP3_2Dgame\App\Source\GameStateManagement\CraftingState.cpp(246,109): warning C4244: 'argument': conversion from 'double' to 'float', possible loss of data
C:\Users\yuzhe\OneDrive\Desktop\SP3\Github\SP3_2Dgame\App\Source\GameStateManagement\CraftingState.cpp(278,156): warning C4244: 'argument': conversion from 'double' to 'float', possible loss of data
C:\Users\yuzhe\OneDrive\Desktop\SP3\Github\SP3_2Dgame\App\Source\GameStateManagement\CraftingState.cpp(278,109): warning C4244: 'argument': conversion from 'double' to 'float', possible loss of data
C:\Users\yuzhe\OneDrive\Desktop\SP3\Github\SP3_2Dgame\App\Source\GameStateManagement\CraftingState.cpp(323,156): warning C4244: 'argument': conversion from 'double' to 'float', possible loss of data
C:\Users\yuzhe\OneDrive\Desktop\SP3\Github\SP3_2Dgame\App\Source\GameStateManagement\CraftingState.cpp(323,109): warning C4244: 'argument': conversion from 'double' to 'float', possible loss of data
  GameOverState.cpp
C:\Program Files (x86)\Windows Kits\10\Include\10.0.19041.0\shared\minwindef.h(130,1): warning C4005: 'APIENTRY': macro redefinition
C:\Users\yuzhe\OneDrive\Desktop\SP3\Github\SP3_2Dgame\glfw\include\GLFW\glfw3.h(98): message : see previous definition of 'APIENTRY'
C:\Users\yuzhe\OneDrive\Desktop\SP3\Github\SP3_2Dgame\App\Source\SoundController\SoundController.h(73,62): warning C4042: 'distance': has bad storage class
C:\Users\yuzhe\OneDrive\Desktop\SP3\Github\SP3_2Dgame\App\Source\GameStateManagement\GameOverState.cpp(132,44): warning C4244: 'argument': conversion from 'double' to 'float', possible loss of data
C:\Users\yuzhe\OneDrive\Desktop\SP3\Github\SP3_2Dgame\App\Source\GameStateManagement\GameOverState.cpp(131,75): warning C4244: 'argument': conversion from 'double' to 'float', possible loss of data
C:\Users\yuzhe\OneDrive\Desktop\SP3\Github\SP3_2Dgame\App\Source\GameStateManagement\GameOverState.cpp(133,95): warning C4244: 'argument': conversion from 'unsigned int' to 'float', possible loss of data
C:\Users\yuzhe\OneDrive\Desktop\SP3\Github\SP3_2Dgame\App\Source\GameStateManagement\GameOverState.cpp(133,55): warning C4244: 'argument': conversion from 'unsigned int' to 'float', possible loss of data
  GameStateManager.cpp
C:\Users\yuzhe\OneDrive\Desktop\SP3\Github\SP3_2Dgame\App\Source\SoundController\SoundController.h(73,62): warning C4042: 'distance': has bad storage class
  IntroState.cpp
C:\Program Files (x86)\Windows Kits\10\Include\10.0.19041.0\shared\minwindef.h(130,1): warning C4005: 'APIENTRY': macro redefinition
C:\Users\yuzhe\OneDrive\Desktop\SP3\Github\SP3_2Dgame\glfw\include\GLFW\glfw3.h(98): message : see previous definition of 'APIENTRY'
C:\Users\yuzhe\OneDrive\Desktop\SP3\Github\SP3_2Dgame\App\Source\SoundController\SoundController.h(73,62): warning C4042: 'distance': has bad storage class
C:\Users\yuzhe\OneDrive\Desktop\SP3\Github\SP3_2Dgame\App\Source\GameStateManagement\IntroState.cpp(80,23): warning C4244: '+=': conversion from 'const double' to 'float', possible loss of data
  InventoryState.cpp
C:\Program Files (x86)\Windows Kits\10\Include\10.0.19041.0\shared\minwindef.h(130,1): warning C4005: 'APIENTRY': macro redefinition
C:\Users\yuzhe\OneDrive\Desktop\SP3\Github\SP3_2Dgame\glfw\include\GLFW\glfw3.h(98): message : see previous definition of 'APIENTRY'
C:\Users\yuzhe\OneDrive\Desktop\SP3\Github\SP3_2Dgame\App\Source\SoundController\SoundController.h(73,62): warning C4042: 'distance': has bad storage class
C:\Users\yuzhe\OneDrive\Desktop\SP3\Github\SP3_2Dgame\App\Source\GameStateManagement\InventoryState.cpp(126,44): warning C4244: 'argument': conversion from 'double' to 'float', possible loss of data
C:\Users\yuzhe\OneDrive\Desktop\SP3\Github\SP3_2Dgame\App\Source\GameStateManagement\InventoryState.cpp(125,69): warning C4244: 'argument': conversion from 'double' to 'float', possible loss of data
C:\Users\yuzhe\OneDrive\Desktop\SP3\Github\SP3_2Dgame\App\Source\GameStateManagement\InventoryState.cpp(127,94): warning C4244: 'argument': conversion from 'unsigned int' to 'float', possible loss of data
C:\Users\yuzhe\OneDrive\Desktop\SP3\Github\SP3_2Dgame\App\Source\GameStateManagement\InventoryState.cpp(127,54): warning C4244: 'argument': conversion from 'unsigned int' to 'float', possible loss of data
C:\Users\yuzhe\OneDrive\Desktop\SP3\Github\SP3_2Dgame\App\Source\GameStateManagement\InventoryState.cpp(167,45): warning C4244: 'argument': conversion from 'double' to 'float', possible loss of data
C:\Users\yuzhe\OneDrive\Desktop\SP3\Github\SP3_2Dgame\App\Source\GameStateManagement\InventoryState.cpp(166,70): warning C4244: 'argument': conversion from 'double' to 'float', possible loss of data
C:\Users\yuzhe\OneDrive\Desktop\SP3\Github\SP3_2Dgame\App\Source\GameStateManagement\InventoryState.cpp(169,95): warning C4244: 'argument': conversion from 'unsigned int' to 'float', possible loss of data
C:\Users\yuzhe\OneDrive\Desktop\SP3\Github\SP3_2Dgame\App\Source\GameStateManagement\InventoryState.cpp(169,55): warning C4244: 'argument': conversion from 'unsigned int' to 'float', possible loss of data
C:\Users\yuzhe\OneDrive\Desktop\SP3\Github\SP3_2Dgame\App\Source\GameStateManagement\InventoryState.cpp(190,156): warning C4244: 'argument': conversion from 'double' to 'float', possible loss of data
C:\Users\yuzhe\OneDrive\Desktop\SP3\Github\SP3_2Dgame\App\Source\GameStateManagement\InventoryState.cpp(190,109): warning C4244: 'argument': conversion from 'double' to 'float', possible loss of data
C:\Users\yuzhe\OneDrive\Desktop\SP3\Github\SP3_2Dgame\App\Source\GameStateManagement\InventoryState.cpp(206,156): warning C4244: 'argument': conversion from 'double' to 'float', possible loss of data
C:\Users\yuzhe\OneDrive\Desktop\SP3\Github\SP3_2Dgame\App\Source\GameStateManagement\InventoryState.cpp(206,109): warning C4244: 'argument': conversion from 'double' to 'float', possible loss of data
  MenuState.cpp
C:\Program Files (x86)\Windows Kits\10\Include\10.0.19041.0\shared\minwindef.h(130,1): warning C4005: 'APIENTRY': macro redefinition
C:\Users\yuzhe\OneDrive\Desktop\SP3\Github\SP3_2Dgame\glfw\include\GLFW\glfw3.h(98): message : see previous definition of 'APIENTRY'
C:\Users\yuzhe\OneDrive\Desktop\SP3\Github\SP3_2Dgame\App\Source\SoundController\SoundController.h(73,62): warning C4042: 'distance': has bad storage class
C:\Users\yuzhe\OneDrive\Desktop\SP3\Github\SP3_2Dgame\App\Source\GameStateManagement\MenuState.cpp(132,43): warning C4244: 'argument': conversion from 'double' to 'float', possible loss of data
C:\Users\yuzhe\OneDrive\Desktop\SP3\Github\SP3_2Dgame\App\Source\GameStateManagement\MenuState.cpp(131,73): warning C4244: 'argument': conversion from 'double' to 'float', possible loss of data
C:\Users\yuzhe\OneDrive\Desktop\SP3\Github\SP3_2Dgame\App\Source\GameStateManagement\MenuState.cpp(133,95): warning C4244: 'argument': conversion from 'unsigned int' to 'float', possible loss of data
C:\Users\yuzhe\OneDrive\Desktop\SP3\Github\SP3_2Dgame\App\Source\GameStateManagement\MenuState.cpp(133,55): warning C4244: 'argument': conversion from 'unsigned int' to 'float', possible loss of data
  PauseState.cpp
C:\Program Files (x86)\Windows Kits\10\Include\10.0.19041.0\shared\minwindef.h(130,1): warning C4005: 'APIENTRY': macro redefinition
C:\Users\yuzhe\OneDrive\Desktop\SP3\Github\SP3_2Dgame\glfw\include\GLFW\glfw3.h(98): message : see previous definition of 'APIENTRY'
C:\Users\yuzhe\OneDrive\Desktop\SP3\Github\SP3_2Dgame\App\Source\SoundController\SoundController.h(73,62): warning C4042: 'distance': has bad storage class
C:\Users\yuzhe\OneDrive\Desktop\SP3\Github\SP3_2Dgame\App\Source\Scene2D\MapGenerator.h(86,14): warning C4244: '=': conversion from 'time_t' to 'int', possible loss of data
C:\Users\yuzhe\OneDrive\Desktop\SP3\Github\SP3_2Dgame\App\Source\Scene2D\MapGenerator.h(426,21): warning C4018: '<': signed/unsigned mismatch
C:\Users\yuzhe\OneDrive\Desktop\SP3\Github\SP3_2Dgame\App\Source\Scene2D\MapGenerator.h(582,21): warning C4018: '<': signed/unsigned mismatch
C:\Users\yuzhe\OneDrive\Desktop\SP3\Github\SP3_2Dgame\App\Source\Scene2D\EventController.h(55,21): warning C4018: '<': signed/unsigned mismatch
C:\Users\yuzhe\OneDrive\Desktop\SP3\Github\SP3_2Dgame\App\Source\Scene2D\EventController.h(60,21): warning C4018: '<': signed/unsigned mismatch
C:\Users\yuzhe\OneDrive\Desktop\SP3\Github\SP3_2Dgame\App\Source\GameStateManagement\PauseState.cpp(122,43): warning C4244: 'argument': conversion from 'double' to 'float', possible loss of data
C:\Users\yuzhe\OneDrive\Desktop\SP3\Github\SP3_2Dgame\App\Source\GameStateManagement\PauseState.cpp(121,73): warning C4244: 'argument': conversion from 'double' to 'float', possible loss of data
C:\Users\yuzhe\OneDrive\Desktop\SP3\Github\SP3_2Dgame\App\Source\GameStateManagement\PauseState.cpp(123,95): warning C4244: 'argument': conversion from 'unsigned int' to 'float', possible loss of data
C:\Users\yuzhe\OneDrive\Desktop\SP3\Github\SP3_2Dgame\App\Source\GameStateManagement\PauseState.cpp(123,55): warning C4244: 'argument': conversion from 'unsigned int' to 'float', possible loss of data
  PlayGameState.cpp
C:\Program Files (x86)\Windows Kits\10\Include\10.0.19041.0\shared\minwindef.h(130,1): warning C4005: 'APIENTRY': macro redefinition
C:\Users\yuzhe\OneDrive\Desktop\SP3\Github\SP3_2Dgame\glfw\include\GLFW\glfw3.h(98): message : see previous definition of 'APIENTRY'
C:\Users\yuzhe\OneDrive\Desktop\SP3\Github\SP3_2Dgame\App\Source\SoundController\SoundController.h(73,62): warning C4042: 'distance': has bad storage class
C:\Users\yuzhe\OneDrive\Desktop\SP3\Github\SP3_2Dgame\App\Source\Scene2D\MapGenerator.h(86,14): warning C4244: '=': conversion from 'time_t' to 'int', possible loss of data
C:\Users\yuzhe\OneDrive\Desktop\SP3\Github\SP3_2Dgame\App\Source\Scene2D\MapGenerator.h(426,21): warning C4018: '<': signed/unsigned mismatch
C:\Users\yuzhe\OneDrive\Desktop\SP3\Github\SP3_2Dgame\App\Source\Scene2D\MapGenerator.h(582,21): warning C4018: '<': signed/unsigned mismatch
C:\Users\yuzhe\OneDrive\Desktop\SP3\Github\SP3_2Dgame\App\Source\Scene2D\EventController.h(55,21): warning C4018: '<': signed/unsigned mismatch
C:\Users\yuzhe\OneDrive\Desktop\SP3\Github\SP3_2Dgame\App\Source\Scene2D\EventController.h(60,21): warning C4018: '<': signed/unsigned mismatch
  VictoryState.cpp
C:\Program Files (x86)\Windows Kits\10\Include\10.0.19041.0\shared\minwindef.h(130,1): warning C4005: 'APIENTRY': macro redefinition
C:\Users\yuzhe\OneDrive\Desktop\SP3\Github\SP3_2Dgame\glfw\include\GLFW\glfw3.h(98): message : see previous definition of 'APIENTRY'
C:\Users\yuzhe\OneDrive\Desktop\SP3\Github\SP3_2Dgame\App\Source\SoundController\SoundController.h(73,62): warning C4042: 'distance': has bad storage class
C:\Users\yuzhe\OneDrive\Desktop\SP3\Github\SP3_2Dgame\App\Source\GameStateManagement\VictoryState.cpp(132,44): warning C4244: 'argument': conversion from 'double' to 'float', possible loss of data
C:\Users\yuzhe\OneDrive\Desktop\SP3\Github\SP3_2Dgame\App\Source\GameStateManagement\VictoryState.cpp(131,75): warning C4244: 'argument': conversion from 'double' to 'float', possible loss of data
C:\Users\yuzhe\OneDrive\Desktop\SP3\Github\SP3_2Dgame\App\Source\GameStateManagement\VictoryState.cpp(133,95): warning C4244: 'argument': conversion from 'unsigned int' to 'float', possible loss of data
C:\Users\yuzhe\OneDrive\Desktop\SP3\Github\SP3_2Dgame\App\Source\GameStateManagement\VictoryState.cpp(133,55): warning C4244: 'argument': conversion from 'unsigned int' to 'float', possible loss of data
  Generating Code...
  App.vcxproj -> C:\Users\yuzhe\OneDrive\Desktop\SP3\Github\SP3_2Dgame\Debug\App.exe
